<?xml version="1.0" encoding="UTF-8"?>
<testng-results skipped="0" failed="0" ignored="0" total="0" passed="0">
  <reporter-output>
  </reporter-output>
  <suite name="com.simplilearn.Rest_Assu_Assign.AppTest" duration-ms="6" started-at="2021-11-28T15:59:34Z" finished-at="2021-11-28T15:59:34Z">
    <groups>
    </groups>
    <test name="Command line test" duration-ms="6" started-at="2021-11-28T15:59:34Z" finished-at="2021-11-28T15:59:34Z">
    </test> <!-- Command line test -->
  </suite> <!-- com.simplilearn.Rest_Assu_Assign.AppTest -->
</testng-results>
