<?xml version="1.0" encoding="UTF-8"?>
<testng-results skipped="0" failed="0" ignored="0" total="1" passed="1">
  <reporter-output>
  </reporter-output>
  <suite name="Default suite" duration-ms="4455" started-at="2021-11-28T16:54:26Z" finished-at="2021-11-28T16:54:30Z">
    <groups>
    </groups>
    <test name="Default test" duration-ms="4455" started-at="2021-11-28T16:54:26Z" finished-at="2021-11-28T16:54:30Z">
      <class name="oAuth.oAuthExample">
        <test-method status="PASS" signature="test1()[pri:0, instance:oAuth.oAuthExample@49c386c8]" name="test1" duration-ms="4417" started-at="2021-11-28T16:54:26Z" finished-at="2021-11-28T16:54:30Z">
          <reporter-output>
          </reporter-output>
        </test-method> <!-- test1 -->
      </class> <!-- oAuth.oAuthExample -->
    </test> <!-- Default test -->
  </suite> <!-- Default suite -->
</testng-results>
